<?xml version="1.0" encoding="UTF-8"?>
<testsuite xmlns:xsi="http://www.w3.org/2001/XMLSchema-instance" xsi:noNamespaceSchemaLocation="https://maven.apache.org/surefire/maven-surefire-plugin/xsd/surefire-test-report-3.0.xsd" version="3.0" name="com.miapp.ejer02_Test" time="0.01" tests="11" errors="0" skipped="0" failures="0">
  <properties>
    <property name="java.specification.version" value="24"/>
    <property name="sun.cpu.isalist" value="amd64"/>
    <property name="sun.jnu.encoding" value="Cp1252"/>
    <property name="java.class.path" value="C:\Users\Misael\Desktop\LabPruebasS\lab02\target\test-classes;C:\Users\Misael\Desktop\LabPruebasS\lab02\target\classes;C:\Users\Misael\.m2\repository\junit\junit\4.13.2\junit-4.13.2.jar;C:\Users\Misael\.m2\repository\org\hamcrest\hamcrest-core\1.3\hamcrest-core-1.3.jar;C:\Users\Misael\.m2\repository\org\hamcrest\hamcrest\2.2\hamcrest-2.2.jar;"/>
    <property name="java.vm.vendor" value="Oracle Corporation"/>
    <property name="sun.arch.data.model" value="64"/>
    <property name="user.variant" value=""/>
    <property name="java.vendor.url" value="https://java.oracle.com/"/>
    <property name="user.timezone" value="America/Lima"/>
    <property name="os.name" value="Windows 10"/>
    <property name="java.vm.specification.version" value="24"/>
    <property name="sun.java.launcher" value="SUN_STANDARD"/>
    <property name="user.country" value="PE"/>
    <property name="sun.boot.library.path" value="C:\Program Files\Java\jdk-24\bin"/>
    <property name="sun.java.command" value="C:\Users\Misael\AppData\Local\Temp\surefire10789118970416462093\surefirebooter-20250519180426823_3.jar C:\Users\Misael\AppData\Local\Temp\surefire10789118970416462093 2025-05-19T18-04-26_720-jvmRun1 surefire-20250519180426823_1tmp surefire_0-20250519180426823_2tmp"/>
    <property name="jdk.debug" value="release"/>
    <property name="surefire.test.class.path" value="C:\Users\Misael\Desktop\LabPruebasS\lab02\target\test-classes;C:\Users\Misael\Desktop\LabPruebasS\lab02\target\classes;C:\Users\Misael\.m2\repository\junit\junit\4.13.2\junit-4.13.2.jar;C:\Users\Misael\.m2\repository\org\hamcrest\hamcrest-core\1.3\hamcrest-core-1.3.jar;C:\Users\Misael\.m2\repository\org\hamcrest\hamcrest\2.2\hamcrest-2.2.jar;"/>
    <property name="sun.cpu.endian" value="little"/>
    <property name="user.home" value="C:\Users\Misael"/>
    <property name="user.language" value="es"/>
    <property name="java.specification.vendor" value="Oracle Corporation"/>
    <property name="java.version.date" value="2025-04-15"/>
    <property name="java.home" value="C:\Program Files\Java\jdk-24"/>
    <property name="file.separator" value="\"/>
    <property name="basedir" value="C:\Users\Misael\Desktop\LabPruebasS\lab02"/>
    <property name="java.vm.compressedOopsMode" value="Zero based"/>
    <property name="line.separator" value="&#10;"/>
    <property name="java.vm.specification.vendor" value="Oracle Corporation"/>
    <property name="java.specification.name" value="Java Platform API Specification"/>
    <property name="surefire.real.class.path" value="C:\Users\Misael\AppData\Local\Temp\surefire10789118970416462093\surefirebooter-20250519180426823_3.jar"/>
    <property name="user.script" value=""/>
    <property name="sun.management.compiler" value="HotSpot 64-Bit Tiered Compilers"/>
    <property name="java.runtime.version" value="24.0.1+9-30"/>
    <property name="user.name" value="Misael"/>
    <property name="stdout.encoding" value="Cp1252"/>
    <property name="path.separator" value=";"/>
    <property name="os.version" value="10.0"/>
    <property name="java.runtime.name" value="Java(TM) SE Runtime Environment"/>
    <property name="file.encoding" value="UTF-8"/>
    <property name="java.vm.name" value="Java HotSpot(TM) 64-Bit Server VM"/>
    <property name="localRepository" value="C:\Users\Misael\.m2\repository"/>
    <property name="java.vendor.url.bug" value="https://bugreport.java.com/bugreport/"/>
    <property name="java.io.tmpdir" value="C:\Users\Misael\AppData\Local\Temp\"/>
    <property name="java.version" value="24.0.1"/>
    <property name="user.dir" value="C:\Users\Misael\Desktop\LabPruebasS\lab02"/>
    <property name="os.arch" value="amd64"/>
    <property name="java.vm.specification.name" value="Java Virtual Machine Specification"/>
    <property name="sun.os.patch.level" value=""/>
    <property name="native.encoding" value="Cp1252"/>
    <property name="java.library.path" value="C:\Program Files\Java\jdk-24\bin;C:\Windows\Sun\Java\bin;C:\Windows\system32;C:\Windows;C:\Program Files\Common Files\Oracle\Java\javapath;C:\Program Files (x86)\Common Files\Oracle\Java\java8path;C:\Program Files (x86)\Common Files\Oracle\Java\javapath;C:\Windows\system32;C:\Windows;C:\Windows\System32\Wbem;C:\Windows\System32\WindowsPowerShell\v1.0\;C:\Windows\System32\OpenSSH\;C:\Program Files\NVIDIA Corporation\NVIDIA app\NvDLISR;C:\Program Files\Git\cmd;C:\workspace\apache-maven-3.9.9\bin;C:\Program Files\Java\jdk-24\bin;C:\Users\Misael\AppData\Local\Programs\Python\Python313\Scripts\;C:\Users\Misael\AppData\Local\Programs\Python\Python313\;C:\Users\Misael\AppData\Local\Microsoft\WindowsApps;C:\Users\Misael\AppData\Local\Programs\Microsoft VS Code\bin;C:\Users\Misael\AppData\Local\GitHubDesktop\bin;c:\Users\Misael\.vscode\extensions\ms-python.debugpy-2025.8.0-win32-x64\bundled\scripts\noConfigScripts;."/>
    <property name="java.vm.info" value="mixed mode, sharing"/>
    <property name="stderr.encoding" value="Cp1252"/>
    <property name="java.vendor" value="Oracle Corporation"/>
    <property name="java.vm.version" value="24.0.1+9-30"/>
    <property name="sun.io.unicode.encoding" value="UnicodeLittle"/>
    <property name="java.class.version" value="68.0"/>
  </properties>
  <testcase name="testNumerosMixtos" classname="com.miapp.ejer02_Test" time="0.004">
    <system-out><![CDATA[////PRUEBA////
2 es par
////PRUEBA////
3 es impar
////PRUEBA////
4 es par
]]></system-out>
  </testcase>
  <testcase name="testCantidadCero" classname="com.miapp.ejer02_Test" time="0.0"/>
  <testcase name="testLetraEnNumero" classname="com.miapp.ejer02_Test" time="0.0"/>
  <testcase name="testNumerosNegativos" classname="com.miapp.ejer02_Test" time="0.001">
    <system-out><![CDATA[////PRUEBA////
-2 es par
////PRUEBA////
-5 es impar
////PRUEBA////
-7 es impar
]]></system-out>
  </testcase>
  <testcase name="testSoloPares" classname="com.miapp.ejer02_Test" time="0.001">
    <system-out><![CDATA[////PRUEBA////
2 es par
////PRUEBA////
6 es par
////PRUEBA////
8 es par
]]></system-out>
  </testcase>
  <testcase name="testNumeroVacio" classname="com.miapp.ejer02_Test" time="0.0"/>
  <testcase name="testSoloImpares" classname="com.miapp.ejer02_Test" time="0.002">
    <system-out><![CDATA[////PRUEBA////
1 es impar
////PRUEBA////
5 es impar
////PRUEBA////
9 es impar
]]></system-out>
  </testcase>
  <testcase name="testConCero" classname="com.miapp.ejer02_Test" time="0.0">
    <system-out><![CDATA[////PRUEBA////
0 es par
]]></system-out>
  </testcase>
  <testcase name="testCantidadNegativa" classname="com.miapp.ejer02_Test" time="0.0"/>
  <testcase name="testCantidadVacia" classname="com.miapp.ejer02_Test" time="0.0"/>
  <testcase name="testLetraEnCantidad" classname="com.miapp.ejer02_Test" time="0.0"/>
</testsuite>